
optiboot_lgt8f328d.elf:     file format elf32-avr

Sections:
Idx Name          Size      VMA       LMA       File off  Algn
  0 .text         000003f8  00007400  00007400  00000054  2**1
                  CONTENTS, ALLOC, LOAD, READONLY, CODE
  1 .bootv        00000004  00000000  00000000  0000044c  2**0
                  CONTENTS, READONLY
  2 .version      00000002  000077fe  000077fe  00000450  2**0
                  CONTENTS, READONLY
  3 .debug_aranges 00000028  00000000  00000000  00000452  2**0
                  CONTENTS, READONLY, DEBUGGING
  4 .debug_pubnames 0000006d  00000000  00000000  0000047a  2**0
                  CONTENTS, READONLY, DEBUGGING
  5 .debug_info   000002de  00000000  00000000  000004e7  2**0
                  CONTENTS, READONLY, DEBUGGING
  6 .debug_abbrev 0000016a  00000000  00000000  000007c5  2**0
                  CONTENTS, READONLY, DEBUGGING
  7 .debug_line   000005b6  00000000  00000000  0000092f  2**0
                  CONTENTS, READONLY, DEBUGGING
  8 .debug_frame  00000090  00000000  00000000  00000ee8  2**2
                  CONTENTS, READONLY, DEBUGGING
  9 .debug_str    00000152  00000000  00000000  00000f78  2**0
                  CONTENTS, READONLY, DEBUGGING
 10 .debug_loc    0000030c  00000000  00000000  000010ca  2**0
                  CONTENTS, READONLY, DEBUGGING
 11 .debug_ranges 00000068  00000000  00000000  000013d6  2**0
                  CONTENTS, READONLY, DEBUGGING

Disassembly of section .text:

00007400 <main>:
# define UART_SRL UBRR3L
# define UART_UDR UDR3
#endif

/* main program starts here */
int main(void) {
    7400:	11 24       	eor	r1, r1
  //  r1 contains zero
  //
  // If not, uncomment the following instructions:
  // cli();
  asm volatile ("clr __zero_reg__");
  SP=RAMEND;  // This is done by hardware reset
    7402:	8f ef       	ldi	r24, 0xFF	; 255
    7404:	98 e0       	ldi	r25, 0x08	; 8
    7406:	9e bf       	out	0x3e, r25	; 62
    7408:	8d bf       	out	0x3d, r24	; 61
#if EXT_OSC == 1
  // external crsyall flag
  VDTCR = 0x80;
    740a:	80 e8       	ldi	r24, 0x80	; 128
    740c:	80 93 62 00 	sts	0x0062, r24
  VDTCR = 0x4C;
    7410:	8c e4       	ldi	r24, 0x4C	; 76
    7412:	80 93 62 00 	sts	0x0062, r24
#endif

  // Adaboot no-wait mod
  ch = MCUSR;
    7416:	94 b7       	in	r25, 0x34	; 52
  MCUSR = 0;
    7418:	14 be       	out	0x34, r1	; 52
  if (ch & (_BV(WDRF) | _BV(BORF) | _BV(PORF)))
    741a:	89 2f       	mov	r24, r25
    741c:	8d 70       	andi	r24, 0x0D	; 13
    741e:	11 f0       	breq	.+4      	; 0x7424 <main+0x24>
	appStart(ch);
    7420:	89 2f       	mov	r24, r25
    7422:	e4 d1       	rcall	.+968    	; 0x77ec <appStart>

  // WDT clock by 32KHz IRC
  PMCR = 0x80;
    7424:	90 e8       	ldi	r25, 0x80	; 128
    7426:	90 93 f2 00 	sts	0x00F2, r25
  PMCR = 0x93;
    742a:	83 e9       	ldi	r24, 0x93	; 147
    742c:	80 93 f2 00 	sts	0x00F2, r24

#if EXT_OSC == 1
#warning Using external crystal now!!!
  // for case of 16MHz crystall, no clock divider
  PMCR = 0x80;
    7430:	90 93 f2 00 	sts	0x00F2, r25
  PMCR = 0x97;
    7434:	87 e9       	ldi	r24, 0x97	; 151
    7436:	80 93 f2 00 	sts	0x00F2, r24
  for(ch = 0xf; ch > 0; --ch);
  PMCR = 0x80;
    743a:	90 93 f2 00 	sts	0x00F2, r25
  PMCR = 0xb7;
    743e:	87 eb       	ldi	r24, 0xB7	; 183
    7440:	80 93 f2 00 	sts	0x00F2, r24

  CLKPR = 0x80;
    7444:	90 93 61 00 	sts	0x0061, r25
  CLKPR = 0x00;
    7448:	10 92 61 00 	sts	0x0061, r1
  CLKPR = 0x80;
  CLKPR = 0x01;
#endif

  // enable 1KB E2PROM (for LGT8F328E only)
  ECCR = 0x80;
    744c:	96 bf       	out	0x36, r25	; 54
  ECCR = 0x40;
    744e:	80 e4       	ldi	r24, 0x40	; 64
    7450:	86 bf       	out	0x36, r24	; 54

#if LED_START_FLASHES > 0
  // Set up Timer 1 for timeout counter
  TCCR1B = _BV(CS12) | _BV(CS10); // div 1024
    7452:	85 e0       	ldi	r24, 0x05	; 5
    7454:	80 93 81 00 	sts	0x0081, r24
  UCSRA = _BV(U2X); //Double speed mode USART
  UCSRB = _BV(RXEN) | _BV(TXEN);  // enable Rx & Tx
  UCSRC = _BV(URSEL) | _BV(UCSZ1) | _BV(UCSZ0);  // config USART; 8N1
  UBRRL = (uint8_t)( (F_CPU + BAUD_RATE * 4L) / (BAUD_RATE * 8L) - 1 );
#else
  UART_SRA = _BV(U2X0); //Double speed mode USART0
    7458:	82 e0       	ldi	r24, 0x02	; 2
    745a:	80 93 c0 00 	sts	0x00C0, r24
  UART_SRB = _BV(RXEN0) | _BV(TXEN0);
    745e:	88 e1       	ldi	r24, 0x18	; 24
    7460:	80 93 c1 00 	sts	0x00C1, r24
  UART_SRC = _BV(UCSZ00) | _BV(UCSZ01);
    7464:	86 e0       	ldi	r24, 0x06	; 6
    7466:	80 93 c2 00 	sts	0x00C2, r24
  UART_SRL = (uint8_t)( F_CPU / (BAUD_RATE * 8L) - 1 );
    746a:	80 e1       	ldi	r24, 0x10	; 16
    746c:	80 93 c4 00 	sts	0x00C4, r24
  //UART_SRL = (uint8_t)( F_CPU / (BAUD_RATE * 16L) - 1 );
#endif
#endif

  // Set up watchdog to trigger after 500ms
  watchdogConfig(WATCHDOG_16MS);
    7470:	8c e0       	ldi	r24, 0x0C	; 12
    7472:	a6 d1       	rcall	.+844    	; 0x77c0 <watchdogConfig>

#if (LED_START_FLASHES > 0) || defined(LED_DATA_FLASH)
  /* Set LED pin as output */
  LED_DDR |= _BV(LED);
    7474:	25 9a       	sbi	0x04, 5	; 4
    7476:	96 e0       	ldi	r25, 0x06	; 6
}

#if LED_START_FLASHES > 0
void flash_led(uint8_t count) {
  do {
    TCNT1 = -(F_CPU/(1024*16));
    7478:	20 e3       	ldi	r18, 0x30	; 48
    747a:	3c ef       	ldi	r19, 0xFC	; 252
    TIFR1 = _BV(TOV1);
    747c:	51 e0       	ldi	r21, 0x01	; 1
    while(!(TIFR1 & _BV(TOV1)));
    LED_PORT ^= _BV(LED);
    747e:	40 e2       	ldi	r20, 0x20	; 32
}

#if LED_START_FLASHES > 0
void flash_led(uint8_t count) {
  do {
    TCNT1 = -(F_CPU/(1024*16));
    7480:	30 93 85 00 	sts	0x0085, r19
    7484:	20 93 84 00 	sts	0x0084, r18
    TIFR1 = _BV(TOV1);
    7488:	56 bb       	out	0x16, r21	; 22
    while(!(TIFR1 & _BV(TOV1)));
    748a:	b0 9b       	sbis	0x16, 0	; 22
    748c:	fe cf       	rjmp	.-4      	; 0x748a <main+0x8a>
    LED_PORT ^= _BV(LED);
    748e:	85 b1       	in	r24, 0x05	; 5
    7490:	84 27       	eor	r24, r20
    7492:	85 b9       	out	0x05, r24	; 5
}
#endif

// Watchdog functions. These are only safe with interrupts turned off.
void watchdogReset() {
  __asm__ __volatile__ (
    7494:	a8 95       	wdr
    TCNT1 = -(F_CPU/(1024*16));
    TIFR1 = _BV(TOV1);
    while(!(TIFR1 & _BV(TOV1)));
    LED_PORT ^= _BV(LED);
    watchdogReset();
  } while (--count);
    7496:	91 50       	subi	r25, 0x01	; 1
    7498:	99 f7       	brne	.-26     	; 0x7480 <main+0x80>
    749a:	88 24       	eor	r8, r8
    749c:	99 24       	eor	r9, r9
    749e:	54 01       	movw	r10, r8
    74a0:	cc 24       	eor	r12, r12
    74a2:	dd 24       	eor	r13, r13
	  buff[26] = buff[2];
	  buff[27] = buff[3];
	
	  // Add jump to bootloader at RESET vector
	  buff[0] = 0x0c;
	  buff[1] = 0x94; // jmp 
    74a4:	64 e9       	ldi	r22, 0x94	; 148
    74a6:	66 2e       	mov	r6, r22
      EEARL = 0; 
      EEARH = address >> 8;
      ch = EEARH >> 2;	// 1KB page size

      if((0 == (pmask & (((uint32_t)1 << ch)))) && bval == 'F') { 
	pmask |= ((uint32_t)1 << ch);
    74a8:	51 e0       	ldi	r21, 0x01	; 1
    74aa:	25 2e       	mov	r2, r21
    74ac:	31 2c       	mov	r3, r1
    74ae:	41 2c       	mov	r4, r1
    74b0:	51 2c       	mov	r5, r1
  pmask = 0;

  /* Forever loop */
  for (;;) {
    /* get character from UART */
    ch = getch();
    74b2:	75 d1       	rcall	.+746    	; 0x779e <getch>

    if(ch == STK_GET_PARAMETER) {
    74b4:	81 34       	cpi	r24, 0x41	; 65
    74b6:	61 f4       	brne	.+24     	; 0x74d0 <main+0xd0>
      unsigned char which = getch();
    74b8:	72 d1       	rcall	.+740    	; 0x779e <getch>
    74ba:	18 2f       	mov	r17, r24
      verifySpace();
    74bc:	87 d1       	rcall	.+782    	; 0x77cc <verifySpace>
      if (which == 0x82) {
    74be:	12 38       	cpi	r17, 0x82	; 130
    74c0:	29 f1       	breq	.+74     	; 0x750c <main+0x10c>
	/*
	 * Send optiboot version as "minor SW version"
	 */
	putch(OPTIBOOT_MINVER);
      } else if (which == 0x81) {
    74c2:	11 38       	cpi	r17, 0x81	; 129
    74c4:	11 f4       	brne	.+4      	; 0x74ca <main+0xca>
	  putch(OPTIBOOT_MAJVER);
    74c6:	85 e0       	ldi	r24, 0x05	; 5
    74c8:	01 c0       	rjmp	.+2      	; 0x74cc <main+0xcc>
      } else {
	/*
	 * GET PARAMETER returns a generic 0x03 reply for
         * other parameters - enough to keep Avrdude happy
	 */
	putch(0x03);
    74ca:	83 e0       	ldi	r24, 0x03	; 3
    74cc:	60 d1       	rcall	.+704    	; 0x778e <putch>
    74ce:	5c c1       	rjmp	.+696    	; 0x7788 <main+0x388>
      }
    }
    else if(ch == STK_SET_DEVICE) {
    74d0:	82 34       	cpi	r24, 0x42	; 66
    74d2:	11 f4       	brne	.+4      	; 0x74d8 <main+0xd8>
      // SET DEVICE is ignored
      getNch(20);
    74d4:	84 e1       	ldi	r24, 0x14	; 20
    74d6:	03 c0       	rjmp	.+6      	; 0x74de <main+0xde>
    }
    else if(ch == STK_SET_DEVICE_EXT) {
    74d8:	85 34       	cpi	r24, 0x45	; 69
    74da:	19 f4       	brne	.+6      	; 0x74e2 <main+0xe2>
      // SET DEVICE EXT is ignored
      getNch(5);
    74dc:	85 e0       	ldi	r24, 0x05	; 5
    74de:	7e d1       	rcall	.+764    	; 0x77dc <verifySpace+0x10>
    74e0:	53 c1       	rjmp	.+678    	; 0x7788 <main+0x388>
    }
    else if(ch == STK_LOAD_ADDRESS) {
    74e2:	85 35       	cpi	r24, 0x55	; 85
    74e4:	79 f4       	brne	.+30     	; 0x7504 <main+0x104>
      // LOAD ADDRESS
      uint16_t newAddress;
      newAddress = getch();
    74e6:	5b d1       	rcall	.+694    	; 0x779e <getch>
      newAddress = (newAddress & 0xff) | (getch() << 8);
    74e8:	e8 2e       	mov	r14, r24
    74ea:	ff 24       	eor	r15, r15
    74ec:	58 d1       	rcall	.+688    	; 0x779e <getch>
    74ee:	08 2f       	mov	r16, r24
    74f0:	10 e0       	ldi	r17, 0x00	; 0
    74f2:	10 2f       	mov	r17, r16
    74f4:	00 27       	eor	r16, r16
    74f6:	0e 29       	or	r16, r14
    74f8:	1f 29       	or	r17, r15
#ifdef RAMPZ
      // Transfer top bit to RAMPZ
      RAMPZ = (newAddress & 0x8000) ? 1 : 0;
#endif
      newAddress += newAddress; // Convert from word address to byte address
    74fa:	00 0f       	add	r16, r16
    74fc:	11 1f       	adc	r17, r17
      address = newAddress;
      verifySpace();
    74fe:	66 d1       	rcall	.+716    	; 0x77cc <verifySpace>
    7500:	68 01       	movw	r12, r16
    7502:	42 c1       	rjmp	.+644    	; 0x7788 <main+0x388>
    }
    else if(ch == STK_UNIVERSAL) {
    7504:	86 35       	cpi	r24, 0x56	; 86
    7506:	21 f4       	brne	.+8      	; 0x7510 <main+0x110>
      // UNIVERSAL command is ignored
      getNch(4);
    7508:	84 e0       	ldi	r24, 0x04	; 4
    750a:	68 d1       	rcall	.+720    	; 0x77dc <verifySpace+0x10>
      putch(0x00);
    750c:	80 e0       	ldi	r24, 0x00	; 0
    750e:	de cf       	rjmp	.-68     	; 0x74cc <main+0xcc>
    }
    /* Write memory, length is big endian and is in bytes */
    else if(ch == STK_PROG_PAGE) {
    7510:	84 36       	cpi	r24, 0x64	; 100
    7512:	09 f0       	breq	.+2      	; 0x7516 <main+0x116>
    7514:	bd c0       	rjmp	.+378    	; 0x7690 <main+0x290>
      // PROGRAM PAGE - we support flash programming only, not EEPROM
      uint8_t *bufPtr;
      uint8_t bval;
      uint16_t len;
      length = (uint16_t)getch() << 8; /* getlen() */
    7516:	43 d1       	rcall	.+646    	; 0x779e <getch>
    7518:	90 e0       	ldi	r25, 0x00	; 0
    751a:	f8 2e       	mov	r15, r24
    751c:	ee 24       	eor	r14, r14
      length += getch();
    751e:	3f d1       	rcall	.+638    	; 0x779e <getch>
    7520:	e8 0e       	add	r14, r24
    7522:	f1 1c       	adc	r15, r1
      bval = getch();
    7524:	3c d1       	rcall	.+632    	; 0x779e <getch>
    7526:	78 2e       	mov	r7, r24
    7528:	e7 01       	movw	r28, r14
    752a:	00 e0       	ldi	r16, 0x00	; 0
    752c:	11 e0       	ldi	r17, 0x01	; 1
      //if (address < NRWWSTART) __boot_page_erase_short((uint16_t)(void*)address);

      // While that is going on, read in page contents
      bufPtr = buff;
      len = length;
      do *bufPtr++ = getch();
    752e:	37 d1       	rcall	.+622    	; 0x779e <getch>
    7530:	f8 01       	movw	r30, r16
    7532:	81 93       	st	Z+, r24
    7534:	8f 01       	movw	r16, r30
      while (--len);
    7536:	21 97       	sbiw	r28, 0x01	; 1
    7538:	d1 f7       	brne	.-12     	; 0x752e <main+0x12e>

      EEARL = 0; 
    753a:	11 bc       	out	0x21, r1	; 33
      EEARH = address >> 8;
    753c:	8d 2d       	mov	r24, r13
    753e:	99 27       	eor	r25, r25
    7540:	82 bd       	out	0x22, r24	; 34
      ch = EEARH >> 2;	// 1KB page size
    7542:	82 b5       	in	r24, 0x22	; 34

      if((0 == (pmask & (((uint32_t)1 << ch)))) && bval == 'F') { 
    7544:	86 95       	lsr	r24
    7546:	86 95       	lsr	r24
    7548:	28 2f       	mov	r18, r24
    754a:	d5 01       	movw	r26, r10
    754c:	c4 01       	movw	r24, r8
    754e:	02 2e       	mov	r0, r18
    7550:	04 c0       	rjmp	.+8      	; 0x755a <main+0x15a>
    7552:	b6 95       	lsr	r27
    7554:	a7 95       	ror	r26
    7556:	97 95       	ror	r25
    7558:	87 95       	ror	r24
    755a:	0a 94       	dec	r0
    755c:	d2 f7       	brpl	.-12     	; 0x7552 <main+0x152>
    755e:	80 fd       	sbrc	r24, 0
    7560:	15 c0       	rjmp	.+42     	; 0x758c <main+0x18c>
    7562:	f6 e4       	ldi	r31, 0x46	; 70
    7564:	7f 16       	cp	r7, r31
    7566:	91 f4       	brne	.+36     	; 0x758c <main+0x18c>
	pmask |= ((uint32_t)1 << ch);
    7568:	d2 01       	movw	r26, r4
    756a:	c1 01       	movw	r24, r2
    756c:	04 c0       	rjmp	.+8      	; 0x7576 <main+0x176>
    756e:	88 0f       	add	r24, r24
    7570:	99 1f       	adc	r25, r25
    7572:	aa 1f       	adc	r26, r26
    7574:	bb 1f       	adc	r27, r27
    7576:	2a 95       	dec	r18
    7578:	d2 f7       	brpl	.-12     	; 0x756e <main+0x16e>
    757a:	88 2a       	or	r8, r24
    757c:	99 2a       	or	r9, r25
    757e:	aa 2a       	or	r10, r26
    7580:	bb 2a       	or	r11, r27
      	// do page erase here
      	EECR = 0x94;
    7582:	6f ba       	out	0x1f, r6	; 31
      	EECR = 0x92;
    7584:	82 e9       	ldi	r24, 0x92	; 146
    7586:	8f bb       	out	0x1f, r24	; 31
      	asm("nop"); asm("nop");      
    7588:	00 00       	nop
    758a:	00 00       	nop
      }

      // Read command terminator, start reply
      verifySpace();
    758c:	1f d1       	rcall	.+574    	; 0x77cc <verifySpace>

      // If only a partial page is to be programmed, the erase might not be complete.
      // So check that here
      //boot_spm_busy_wait();
      if (bval == 'E') {
    758e:	e5 e4       	ldi	r30, 0x45	; 69
    7590:	7e 16       	cp	r7, r30
    7592:	b1 f4       	brne	.+44     	; 0x75c0 <main+0x1c0>
    7594:	96 01       	movw	r18, r12
    7596:	10 c0       	rjmp	.+32     	; 0x75b8 <main+0x1b8>
	  for(len = 0; len < length; len++) {
	    //if(address >= 1022)
	 	//break;
	    EEARL = address++;
    7598:	21 bd       	out	0x21, r18	; 33
    759a:	2f 5f       	subi	r18, 0xFF	; 255
    759c:	3f 4f       	sbci	r19, 0xFF	; 255
	    EEARH = address >> 8;
    759e:	83 2f       	mov	r24, r19
    75a0:	99 27       	eor	r25, r25
    75a2:	82 bd       	out	0x22, r24	; 34
	    EEDR = buff[len];
    75a4:	c0 50       	subi	r28, 0x00	; 0
    75a6:	df 4f       	sbci	r29, 0xFF	; 255
    75a8:	88 81       	ld	r24, Y
    75aa:	80 bd       	out	0x20, r24	; 32
	    EECR = 0x04;
    75ac:	f4 e0       	ldi	r31, 0x04	; 4
    75ae:	ff bb       	out	0x1f, r31	; 31
	    EECR = 0x02;
    75b0:	82 e0       	ldi	r24, 0x02	; 2
    75b2:	8f bb       	out	0x1f, r24	; 31

      // If only a partial page is to be programmed, the erase might not be complete.
      // So check that here
      //boot_spm_busy_wait();
      if (bval == 'E') {
	  for(len = 0; len < length; len++) {
    75b4:	cf 5f       	subi	r28, 0xFF	; 255
    75b6:	d0 40       	sbci	r29, 0x00	; 0
    75b8:	ce 15       	cp	r28, r14
    75ba:	df 05       	cpc	r29, r15
    75bc:	68 f3       	brcs	.-38     	; 0x7598 <main+0x198>
    75be:	d3 c0       	rjmp	.+422    	; 0x7766 <main+0x366>
	    EECR = 0x04;
	    EECR = 0x02;
	  }
      } else {
#ifdef VIRTUAL_BOOT_PARTITION
	if ((uint16_t)(void*)address == 0) {
    75c0:	c1 14       	cp	r12, r1
    75c2:	d1 04       	cpc	r13, r1
    75c4:	09 f0       	breq	.+2      	; 0x75c8 <main+0x1c8>
    75c6:	4e c0       	rjmp	.+156    	; 0x7664 <main+0x264>
	  // This is the reset vector page. We need to live-patch the code so the
	  // bootloader runs.
	  //
	  // Move RESET vector to WDT vector
	  rstVect0 = buff[0] | (buff[1] << 8);
    75c8:	60 91 00 01 	lds	r22, 0x0100
    75cc:	70 91 01 01 	lds	r23, 0x0101
    75d0:	87 2f       	mov	r24, r23
    75d2:	90 e0       	ldi	r25, 0x00	; 0
    75d4:	98 2f       	mov	r25, r24
    75d6:	88 27       	eor	r24, r24
    75d8:	26 2f       	mov	r18, r22
    75da:	30 e0       	ldi	r19, 0x00	; 0
    75dc:	82 2b       	or	r24, r18
    75de:	93 2b       	or	r25, r19
    75e0:	90 93 85 01 	sts	0x0185, r25
    75e4:	80 93 84 01 	sts	0x0184, r24
	  rstVect1 = buff[2] | (buff[3] << 8);
    75e8:	40 91 02 01 	lds	r20, 0x0102
    75ec:	50 91 03 01 	lds	r21, 0x0103
    75f0:	85 2f       	mov	r24, r21
    75f2:	90 e0       	ldi	r25, 0x00	; 0
    75f4:	98 2f       	mov	r25, r24
    75f6:	88 27       	eor	r24, r24
    75f8:	24 2f       	mov	r18, r20
    75fa:	30 e0       	ldi	r19, 0x00	; 0
    75fc:	82 2b       	or	r24, r18
    75fe:	93 2b       	or	r25, r19
    7600:	90 93 87 01 	sts	0x0187, r25
    7604:	80 93 86 01 	sts	0x0186, r24
	  wdtVect0 = buff[24] | (buff[25] << 8);
    7608:	20 91 18 01 	lds	r18, 0x0118
    760c:	80 91 19 01 	lds	r24, 0x0119
    7610:	90 e0       	ldi	r25, 0x00	; 0
    7612:	98 2f       	mov	r25, r24
    7614:	88 27       	eor	r24, r24
    7616:	30 e0       	ldi	r19, 0x00	; 0
    7618:	82 2b       	or	r24, r18
    761a:	93 2b       	or	r25, r19
    761c:	90 93 89 01 	sts	0x0189, r25
    7620:	80 93 88 01 	sts	0x0188, r24
	  wdtVect1 = buff[26] | (buff[27] << 8);
    7624:	20 91 1a 01 	lds	r18, 0x011A
    7628:	80 91 1b 01 	lds	r24, 0x011B
    762c:	90 e0       	ldi	r25, 0x00	; 0
    762e:	98 2f       	mov	r25, r24
    7630:	88 27       	eor	r24, r24
    7632:	30 e0       	ldi	r19, 0x00	; 0
    7634:	82 2b       	or	r24, r18
    7636:	93 2b       	or	r25, r19
    7638:	90 93 8b 01 	sts	0x018B, r25
    763c:	80 93 8a 01 	sts	0x018A, r24

	  buff[24] = buff[0];
    7640:	60 93 18 01 	sts	0x0118, r22
	  buff[25] = buff[1];
    7644:	70 93 19 01 	sts	0x0119, r23
	  buff[26] = buff[2];
    7648:	40 93 1a 01 	sts	0x011A, r20
	  buff[27] = buff[3];
    764c:	50 93 1b 01 	sts	0x011B, r21
	
	  // Add jump to bootloader at RESET vector
	  buff[0] = 0x0c;
    7650:	8c e0       	ldi	r24, 0x0C	; 12
    7652:	80 93 00 01 	sts	0x0100, r24
	  buff[1] = 0x94; // jmp 
    7656:	60 92 01 01 	sts	0x0101, r6
	  buff[2] = 0x00;
    765a:	10 92 02 01 	sts	0x0102, r1
	  buff[3] = 0x3a; // 0x7400 (0x3a00) 
    765e:	ea e3       	ldi	r30, 0x3A	; 58
    7660:	e0 93 03 01 	sts	0x0103, r30
    7664:	e0 e0       	ldi	r30, 0x00	; 0
    7666:	f1 e0       	ldi	r31, 0x01	; 1
	}
#endif
      	// Write from programming buffer
	bufPtr = buff;
      	for(length = 0; length < SPM_PAGESIZE; length+=2) {
	      EEARL = 0; EEDR = *bufPtr++;
    7668:	11 bc       	out	0x21, r1	; 33
    766a:	80 81       	ld	r24, Z
    766c:	80 bd       	out	0x20, r24	; 32
	      EEARL = 1; EEDR = *bufPtr++;
    766e:	81 e0       	ldi	r24, 0x01	; 1
    7670:	81 bd       	out	0x21, r24	; 33
    7672:	81 81       	ldd	r24, Z+1	; 0x01
    7674:	80 bd       	out	0x20, r24	; 32
    7676:	8e 2f       	mov	r24, r30
    7678:	8c 0d       	add	r24, r12
	      EEARL = (address + length) & 0xff;
    767a:	81 bd       	out	0x21, r24	; 33
	      EECR = 0xA4;
    767c:	84 ea       	ldi	r24, 0xA4	; 164
    767e:	8f bb       	out	0x1f, r24	; 31
	      EECR = 0xA2;
    7680:	82 ea       	ldi	r24, 0xA2	; 162
    7682:	8f bb       	out	0x1f, r24	; 31
    7684:	32 96       	adiw	r30, 0x02	; 2
	  buff[3] = 0x3a; // 0x7400 (0x3a00) 
	}
#endif
      	// Write from programming buffer
	bufPtr = buff;
      	for(length = 0; length < SPM_PAGESIZE; length+=2) {
    7686:	81 e0       	ldi	r24, 0x01	; 1
    7688:	e0 38       	cpi	r30, 0x80	; 128
    768a:	f8 07       	cpc	r31, r24
    768c:	69 f7       	brne	.-38     	; 0x7668 <main+0x268>
    768e:	7c c0       	rjmp	.+248    	; 0x7788 <main+0x388>
	      EECR = 0xA2;
	}
      }
    }
    /* Read memory block mode, length is big endian.  */
    else if(ch == STK_READ_PAGE) {
    7690:	84 37       	cpi	r24, 0x74	; 116
    7692:	09 f0       	breq	.+2      	; 0x7696 <main+0x296>
    7694:	6b c0       	rjmp	.+214    	; 0x776c <main+0x36c>
      // READ PAGE - we only read flash
      uint8_t bval;

      length = getch() << 8;			/* getlen() */
    7696:	83 d0       	rcall	.+262    	; 0x779e <getch>
    7698:	90 e0       	ldi	r25, 0x00	; 0
    769a:	f8 2e       	mov	r15, r24
    769c:	ee 24       	eor	r14, r14
      length += getch();
    769e:	7f d0       	rcall	.+254    	; 0x779e <getch>
    76a0:	e8 0e       	add	r14, r24
    76a2:	f1 1c       	adc	r15, r1
      bval = getch();
    76a4:	7c d0       	rcall	.+248    	; 0x779e <getch>
    76a6:	18 2f       	mov	r17, r24

      verifySpace();
    76a8:	91 d0       	rcall	.+290    	; 0x77cc <verifySpace>

      if( bval == 'E') {
    76aa:	15 34       	cpi	r17, 0x45	; 69
    76ac:	89 f4       	brne	.+34     	; 0x76d0 <main+0x2d0>
    76ae:	e6 01       	movw	r28, r12
    76b0:	87 01       	movw	r16, r14
	do {
	    EEARL = address++;
    76b2:	c1 bd       	out	0x21, r28	; 33
    76b4:	21 96       	adiw	r28, 0x01	; 1
	    EEARH = address >> 8;
    76b6:	8d 2f       	mov	r24, r29
    76b8:	99 27       	eor	r25, r25
    76ba:	82 bd       	out	0x22, r24	; 34
	    EECR = 0x01;
    76bc:	e1 e0       	ldi	r30, 0x01	; 1
    76be:	ef bb       	out	0x1f, r30	; 31
	    asm("nop"); asm("nop");
    76c0:	00 00       	nop
    76c2:	00 00       	nop
	    //if( address >= 1022)
		//    putch(0xff);
	    //else
	    putch(EEDR);
    76c4:	80 b5       	in	r24, 0x20	; 32
    76c6:	63 d0       	rcall	.+198    	; 0x778e <putch>
	} while (--length);
    76c8:	01 50       	subi	r16, 0x01	; 1
    76ca:	10 40       	sbci	r17, 0x00	; 0
    76cc:	91 f7       	brne	.-28     	; 0x76b2 <main+0x2b2>
    76ce:	4b c0       	rjmp	.+150    	; 0x7766 <main+0x366>
    76d0:	e6 01       	movw	r28, r12
    76d2:	87 01       	movw	r16, r14
      } else {
      	do {
#ifdef VIRTUAL_BOOT_PARTITION
	   // Undo vector patch in bottom page so verify passes
	   if (address == 0)		ch = rstVect0 & 0xff;
    76d4:	20 97       	sbiw	r28, 0x00	; 0
    76d6:	29 f4       	brne	.+10     	; 0x76e2 <main+0x2e2>
    76d8:	80 91 84 01 	lds	r24, 0x0184
    76dc:	90 91 85 01 	lds	r25, 0x0185
    76e0:	3c c0       	rjmp	.+120    	; 0x775a <main+0x35a>
	   else if (address == 1)	ch = rstVect0 >> 8;
    76e2:	c1 30       	cpi	r28, 0x01	; 1
    76e4:	d1 05       	cpc	r29, r1
    76e6:	29 f4       	brne	.+10     	; 0x76f2 <main+0x2f2>
    76e8:	80 91 84 01 	lds	r24, 0x0184
    76ec:	90 91 85 01 	lds	r25, 0x0185
    76f0:	0f c0       	rjmp	.+30     	; 0x7710 <main+0x310>
	   else if (address == 2)	ch = rstVect1 & 0xff;
    76f2:	c2 30       	cpi	r28, 0x02	; 2
    76f4:	d1 05       	cpc	r29, r1
    76f6:	29 f4       	brne	.+10     	; 0x7702 <main+0x302>
    76f8:	80 91 86 01 	lds	r24, 0x0186
    76fc:	90 91 87 01 	lds	r25, 0x0187
    7700:	2c c0       	rjmp	.+88     	; 0x775a <main+0x35a>
	   else if (address == 3)	ch = rstVect1 >> 8;
    7702:	c3 30       	cpi	r28, 0x03	; 3
    7704:	d1 05       	cpc	r29, r1
    7706:	39 f4       	brne	.+14     	; 0x7716 <main+0x316>
    7708:	80 91 86 01 	lds	r24, 0x0186
    770c:	90 91 87 01 	lds	r25, 0x0187
    7710:	89 2f       	mov	r24, r25
    7712:	99 27       	eor	r25, r25
    7714:	22 c0       	rjmp	.+68     	; 0x775a <main+0x35a>
	   else if (address == 24)	ch = wdtVect0 & 0xff;
    7716:	c8 31       	cpi	r28, 0x18	; 24
    7718:	d1 05       	cpc	r29, r1
    771a:	29 f4       	brne	.+10     	; 0x7726 <main+0x326>
    771c:	80 91 88 01 	lds	r24, 0x0188
    7720:	90 91 89 01 	lds	r25, 0x0189
    7724:	1a c0       	rjmp	.+52     	; 0x775a <main+0x35a>
	   else if (address == 25)	ch = wdtVect0 >> 8;
    7726:	c9 31       	cpi	r28, 0x19	; 25
    7728:	d1 05       	cpc	r29, r1
    772a:	29 f4       	brne	.+10     	; 0x7736 <main+0x336>
    772c:	80 91 88 01 	lds	r24, 0x0188
    7730:	90 91 89 01 	lds	r25, 0x0189
    7734:	ed cf       	rjmp	.-38     	; 0x7710 <main+0x310>
	   else if (address == 26)	ch = wdtVect1 & 0xff;
    7736:	ca 31       	cpi	r28, 0x1A	; 26
    7738:	d1 05       	cpc	r29, r1
    773a:	29 f4       	brne	.+10     	; 0x7746 <main+0x346>
    773c:	80 91 8a 01 	lds	r24, 0x018A
    7740:	90 91 8b 01 	lds	r25, 0x018B
    7744:	0a c0       	rjmp	.+20     	; 0x775a <main+0x35a>
	   else if (address == 27)	ch = wdtVect1 >> 8;
    7746:	cb 31       	cpi	r28, 0x1B	; 27
    7748:	d1 05       	cpc	r29, r1
    774a:	29 f4       	brne	.+10     	; 0x7756 <main+0x356>
    774c:	80 91 8a 01 	lds	r24, 0x018A
    7750:	90 91 8b 01 	lds	r25, 0x018B
    7754:	dd cf       	rjmp	.-70     	; 0x7710 <main+0x310>
	   // Since RAMPZ should already be set, we need to use EPLM directly.
	   // read a Flash and increment the address (may increment RAMPZ)
	   __asm__ ("elpm %0,Z\n" : "=r" (ch) : "z" (address));
	#else
	   // read a Flash byte and increment the address
	   __asm__ ("lpm %0,Z\n" : "=r" (ch) : "z" (address));
    7756:	fe 01       	movw	r30, r28
    7758:	84 91       	lpm	r24, Z+
	   //ch = *((uint8_t *)(0x4000 + address));
	#endif
#endif
	   }
	   address++;
    775a:	21 96       	adiw	r28, 0x01	; 1
           putch(ch);
    775c:	18 d0       	rcall	.+48     	; 0x778e <putch>
         } while (--length);
    775e:	01 50       	subi	r16, 0x01	; 1
    7760:	10 40       	sbci	r17, 0x00	; 0
    7762:	09 f0       	breq	.+2      	; 0x7766 <main+0x366>
    7764:	b7 cf       	rjmp	.-146    	; 0x76d4 <main+0x2d4>
    7766:	ce 0c       	add	r12, r14
    7768:	df 1c       	adc	r13, r15
    776a:	0e c0       	rjmp	.+28     	; 0x7788 <main+0x388>
      }
    }

    /* Get device signature bytes  */
    else if(ch == STK_READ_SIGN) {
    776c:	85 37       	cpi	r24, 0x75	; 117
    776e:	39 f4       	brne	.+14     	; 0x777e <main+0x37e>
      // READ SIGN - return what Avrdude wants to hear
      verifySpace();
    7770:	2d d0       	rcall	.+90     	; 0x77cc <verifySpace>
      putch(SIGNATURE_0);
    7772:	8e e1       	ldi	r24, 0x1E	; 30
    7774:	0c d0       	rcall	.+24     	; 0x778e <putch>
      putch(SIGNATURE_1);
    7776:	85 e9       	ldi	r24, 0x95	; 149
    7778:	0a d0       	rcall	.+20     	; 0x778e <putch>
      putch(SIGNATURE_2);
    777a:	8f e0       	ldi	r24, 0x0F	; 15
    777c:	a7 ce       	rjmp	.-690    	; 0x74cc <main+0xcc>
    }
    else if (ch == STK_LEAVE_PROGMODE) { /* 'Q' */
    777e:	81 35       	cpi	r24, 0x51	; 81
    7780:	11 f4       	brne	.+4      	; 0x7786 <main+0x386>
      // Adaboot no-wait mod
      watchdogConfig(WATCHDOG_16MS);
    7782:	8c e0       	ldi	r24, 0x0C	; 12
    7784:	1d d0       	rcall	.+58     	; 0x77c0 <watchdogConfig>
      verifySpace();
    }
    else {
      // This covers the response to commands like STK_ENTER_PROGMODE
      verifySpace();
    7786:	22 d0       	rcall	.+68     	; 0x77cc <verifySpace>
    }
    putch(STK_OK);
    7788:	80 e1       	ldi	r24, 0x10	; 16
    778a:	01 d0       	rcall	.+2      	; 0x778e <putch>
    778c:	92 ce       	rjmp	.-732    	; 0x74b2 <main+0xb2>

0000778e <putch>:
  }
}

void putch(char ch) {
    778e:	98 2f       	mov	r25, r24
#ifndef SOFT_UART
  while (!(UART_SRA & _BV(UDRE0)));
    7790:	80 91 c0 00 	lds	r24, 0x00C0
    7794:	85 ff       	sbrs	r24, 5
    7796:	fc cf       	rjmp	.-8      	; 0x7790 <putch+0x2>
  UART_UDR = ch;
    7798:	90 93 c6 00 	sts	0x00C6, r25
      [uartBit] "I" (UART_TX_BIT)
    :
      "r25"
  );
#endif
}
    779c:	08 95       	ret

0000779e <getch>:
      [uartBit] "I" (UART_RX_BIT)
    :
      "r25"
);
#else
  while(!(UART_SRA & _BV(RXC0)))
    779e:	80 91 c0 00 	lds	r24, 0x00C0
    77a2:	87 ff       	sbrs	r24, 7
    77a4:	fc cf       	rjmp	.-8      	; 0x779e <getch>
    ;
  if (!(UART_SRA & _BV(FE0))) {
    77a6:	80 91 c0 00 	lds	r24, 0x00C0
    77aa:	84 fd       	sbrc	r24, 4
    77ac:	01 c0       	rjmp	.+2      	; 0x77b0 <getch+0x12>
}
#endif

// Watchdog functions. These are only safe with interrupts turned off.
void watchdogReset() {
  __asm__ __volatile__ (
    77ae:	a8 95       	wdr
       * don't care that an invalid char is returned...)
       */
    watchdogReset();
  }
  
  ch = UART_UDR;
    77b0:	80 91 c6 00 	lds	r24, 0x00C6
#ifdef LED_DATA_FLASH
  LED_PORT ^= _BV(LED);
#endif

  return ch;
}
    77b4:	08 95       	ret

000077b6 <uartDelay>:
#if UART_B_VALUE > 255
#error Baud rate too slow for soft UART
#endif

void uartDelay() {
  __asm__ __volatile__ (
    77b6:	93 e1       	ldi	r25, 0x13	; 19
    77b8:	9a 95       	dec	r25
    77ba:	f1 f7       	brne	.-4      	; 0x77b8 <uartDelay+0x2>
    77bc:	08 95       	ret
    "1:dec r25\n"
    "brne 1b\n"
    "ret\n"
    ::[count] "M" (UART_B_VALUE)
  );
}
    77be:	08 95       	ret

000077c0 <watchdogConfig>:
  );
}

void watchdogConfig(uint8_t x) {
#if 1
  WDTCSR = _BV(WDCE) | _BV(WDE);
    77c0:	e0 e6       	ldi	r30, 0x60	; 96
    77c2:	f0 e0       	ldi	r31, 0x00	; 0
    77c4:	98 e1       	ldi	r25, 0x18	; 24
    77c6:	90 83       	st	Z, r25
  WDTCSR = x;
    77c8:	80 83       	st	Z, r24
#endif
}
    77ca:	08 95       	ret

000077cc <verifySpace>:
  do getch(); while (--count);
  verifySpace();
}

void verifySpace() {
  if (getch() != CRC_EOP) {
    77cc:	e8 df       	rcall	.-48     	; 0x779e <getch>
    77ce:	80 32       	cpi	r24, 0x20	; 32
    77d0:	19 f0       	breq	.+6      	; 0x77d8 <verifySpace+0xc>
    watchdogConfig(WATCHDOG_16MS);    // shorten WD timeout
    77d2:	8c e0       	ldi	r24, 0x0C	; 12
    77d4:	f5 df       	rcall	.-22     	; 0x77c0 <watchdogConfig>
    77d6:	ff cf       	rjmp	.-2      	; 0x77d6 <verifySpace+0xa>
    while (1)			      // and busy-loop so that WD causes
      ;				      //  a reset and app start.
  }
  putch(STK_INSYNC);
    77d8:	84 e1       	ldi	r24, 0x14	; 20
}
    77da:	d9 cf       	rjmp	.-78     	; 0x778e <putch>
    "ret\n"
    ::[count] "M" (UART_B_VALUE)
  );
}

void getNch(uint8_t count) {
    77dc:	1f 93       	push	r17

000077de <getNch>:
    77de:	18 2f       	mov	r17, r24
  do getch(); while (--count);
    77e0:	de df       	rcall	.-68     	; 0x779e <getch>
    77e2:	11 50       	subi	r17, 0x01	; 1
    77e4:	e9 f7       	brne	.-6      	; 0x77e0 <getNch+0x2>
  verifySpace();
    77e6:	f2 df       	rcall	.-28     	; 0x77cc <verifySpace>
}
    77e8:	1f 91       	pop	r17
    77ea:	08 95       	ret

000077ec <appStart>:

void appStart(uint8_t rstFlags) {
  // save the reset flags in the designated register
  //  This can be saved in a main program by putting code in .init0 (which
  //  executes before normal c init code) to save R2 to a global variable.
  __asm__ __volatile__ ("mov r2, %0\n" :: "r" (rstFlags));
    77ec:	28 2e       	mov	r2, r24

  watchdogConfig(WATCHDOG_OFF);
    77ee:	80 e0       	ldi	r24, 0x00	; 0
    77f0:	e7 df       	rcall	.-50     	; 0x77c0 <watchdogConfig>
  __asm__ __volatile__ (
    77f2:	ec e0       	ldi	r30, 0x0C	; 12
    77f4:	ff 27       	eor	r31, r31
    77f6:	09 94       	ijmp
